<?xml version="1.0" encoding="UTF-8"?>
<testsuite name="RetanguloTest" tests="5" skipped="0" failures="0" errors="0" timestamp="2023-11-10T15:07:19" hostname="VITORPC" time="0.021">
  <properties/>
  <testcase name="instanciarRetanguloImpossivel()" classname="RetanguloTest" time="0.013"/>
  <testcase name="calcularAreaTest_01()" classname="RetanguloTest" time="0.004"/>
  <testcase name="calcularAreaTest_02()" classname="RetanguloTest" time="0.001"/>
  <testcase name="calcularPerimetroTest_01()" classname="RetanguloTest" time="0.001"/>
  <testcase name="calcularPerimetroTest_02()" classname="RetanguloTest" time="0.0"/>
  <system-out><![CDATA[]]></system-out>
  <system-err><![CDATA[]]></system-err>
</testsuite>
