<?xml version="1.0" encoding="UTF-8"?>
<testsuite name="CalculatorTest" tests="2" skipped="0" failures="0" errors="0" timestamp="2023-11-03T17:01:11" hostname="VITORPC" time="0.018">
  <properties/>
  <testcase name="testAddPositiveNumbers()" classname="CalculatorTest" time="0.015"/>
  <testcase name="testAddNegativeNumbers()" classname="CalculatorTest" time="0.001"/>
  <system-out><![CDATA[]]></system-out>
  <system-err><![CDATA[]]></system-err>
</testsuite>
