<?xml version="1.0" encoding="UTF-8"?>
<testsuite name="CalculatorTest" tests="3" skipped="0" failures="0" errors="0" timestamp="2023-11-03T17:33:07" hostname="VITORPC" time="0.022">
  <properties/>
  <testcase name="testDivideByZero()" classname="CalculatorTest" time="0.018"/>
  <testcase name="testAdd()" classname="CalculatorTest" time="0.002"/>
  <testcase name="testDivide()" classname="CalculatorTest" time="0.001"/>
  <system-out><![CDATA[]]></system-out>
  <system-err><![CDATA[]]></system-err>
</testsuite>
